<?xml version="1.0" encoding="UTF-8"?>
<!-- Generated by org.testng.reporters.JUnitXMLReporter -->
<testsuite hostname="Ashwini-BodavulaB598-MacBook-Air.local" ignored="0" name="Web Tests" tests="1" failures="1" timestamp="2022-08-23T14:03:02 IST" time="62.306" errors="0">
  <testcase name="Test01_OD_daypassbulpune" time="51.161" classname="sanity.ODEbuldaypassTest">
    <failure type="org.openqa.selenium.ElementClickInterceptedException" message="element click intercepted: Element &amp;lt;div class=&amp;quot;&amp;quot; id=&amp;quot;menu-toggle&amp;quot;&amp;gt;...&amp;lt;/div&amp;gt; is not clickable at point (1372, 52). Other element would receive the click: &amp;lt;div class=&amp;quot;MuiDialog-container MuiDialog-scrollPaper&amp;quot; role=&amp;quot;none presentation&amp;quot; tabindex=&amp;quot;-1&amp;quot; style=&amp;quot;opacity: 1; transition: opacity 225ms cubic-bezier(0.4, 0, 0.2, 1) 0ms;&amp;quot;&amp;gt;...&amp;lt;/div&amp;gt;
  (Session info: chrome=104.0.5112.101)
Build info: version: &amp;apos;3.141.59&amp;apos;, revision: &amp;apos;e82be7d358&amp;apos;, time: &amp;apos;2018-11-14T08:17:03&amp;apos;
System info: host: &amp;apos;Ashwini-BodavulaB598-MacBook-Air.local&amp;apos;, ip: &amp;apos;192.168.29.9&amp;apos;, os.name: &amp;apos;Mac OS X&amp;apos;, os.arch: &amp;apos;x86_64&amp;apos;, os.version: &amp;apos;10.16&amp;apos;, java.version: &amp;apos;1.8.0_202&amp;apos;
Driver info: org.openqa.selenium.chrome.ChromeDriver
Capabilities {acceptInsecureCerts: false, browserName: chrome, browserVersion: 104.0.5112.101, chrome: {chromedriverVersion: 104.0.5112.79 (3cf3e8c8a07d..., userDataDir: /var/folders/01/0ll7z60n7lb...}, goog:chromeOptions: {debuggerAddress: localhost:51936}, javascriptEnabled: true, networkConnectionEnabled: false, pageLoadStrategy: normal, platform: MAC, platformName: MAC, proxy: Proxy(), setWindowRect: true, strictFileInteractability: false, timeouts: {implicit: 0, pageLoad: 300000, script: 30000}, unhandledPromptBehavior: dismiss and notify, webauthn:extension:credBlob: true, webauthn:extension:largeBlob: true, webauthn:virtualAuthenticators: true}
Session ID: c8559b692742259fb6c89d5f0f82fa8f">
      <![CDATA[org.openqa.selenium.ElementClickInterceptedException: element click intercepted: Element <div class="" id="menu-toggle">...</div> is not clickable at point (1372, 52). Other element would receive the click: <div class="MuiDialog-container MuiDialog-scrollPaper" role="none presentation" tabindex="-1" style="opacity: 1; transition: opacity 225ms cubic-bezier(0.4, 0, 0.2, 1) 0ms;">...</div>
  (Session info: chrome=104.0.5112.101)
Build info: version: '3.141.59', revision: 'e82be7d358', time: '2018-11-14T08:17:03'
System info: host: 'Ashwini-BodavulaB598-MacBook-Air.local', ip: '192.168.29.9', os.name: 'Mac OS X', os.arch: 'x86_64', os.version: '10.16', java.version: '1.8.0_202'
Driver info: org.openqa.selenium.chrome.ChromeDriver
Capabilities {acceptInsecureCerts: false, browserName: chrome, browserVersion: 104.0.5112.101, chrome: {chromedriverVersion: 104.0.5112.79 (3cf3e8c8a07d..., userDataDir: /var/folders/01/0ll7z60n7lb...}, goog:chromeOptions: {debuggerAddress: localhost:51936}, javascriptEnabled: true, networkConnectionEnabled: false, pageLoadStrategy: normal, platform: MAC, platformName: MAC, proxy: Proxy(), setWindowRect: true, strictFileInteractability: false, timeouts: {implicit: 0, pageLoad: 300000, script: 30000}, unhandledPromptBehavior: dismiss and notify, webauthn:extension:credBlob: true, webauthn:extension:largeBlob: true, webauthn:virtualAuthenticators: true}
Session ID: c8559b692742259fb6c89d5f0f82fa8f
at org.openqa.selenium.remote.http.W3CHttpResponseCodec.createException(W3CHttpResponseCodec.java:187)
at org.openqa.selenium.remote.http.W3CHttpResponseCodec.decode(W3CHttpResponseCodec.java:122)
at org.openqa.selenium.remote.http.W3CHttpResponseCodec.decode(W3CHttpResponseCodec.java:49)
at org.openqa.selenium.remote.HttpCommandExecutor.execute(HttpCommandExecutor.java:158)
at org.openqa.selenium.remote.service.DriverCommandExecutor.execute(DriverCommandExecutor.java:83)
at org.openqa.selenium.remote.RemoteWebDriver.execute(RemoteWebDriver.java:552)
at org.openqa.selenium.remote.RemoteWebElement.execute(RemoteWebElement.java:285)
at org.openqa.selenium.remote.RemoteWebElement.click(RemoteWebElement.java:84)
at org.openqa.selenium.support.pagefactory.internal.LocatingElementHandler.invoke(LocatingElementHandler.java:51)
at com.sun.proxy.$Proxy14.click(Unknown Source)
at extensions.UIActions.click(UIActions.java:23)
at workflows.ODEflows.logoutODE(ODEflows.java:63)
at sanity.ODEbuldaypassTest.Test01_OD_daypassbulpune(ODEbuldaypassTest.java:36)
at java.util.ArrayList.forEach(ArrayList.java:1257)
... Removed 35 stack frames]]>
    </failure>
  </testcase> <!-- Test01_OD_daypassbulpune -->
</testsuite> <!-- Web Tests -->
